<?xml version="1.0" encoding="UTF-8"?>
<testsuite xmlns:xsi="http://www.w3.org/2001/XMLSchema-instance" xsi:noNamespaceSchemaLocation="https://maven.apache.org/surefire/maven-surefire-plugin/xsd/surefire-test-report.xsd" version="3.0.2" name="edu.baker.finalproject.BigDecimalUtilsTest" time="0.449" tests="106" errors="0" skipped="0" failures="0">
  <properties>
[...]
</properties>
  <testcase name="testFactorialFive" classname="edu.baker.finalproject.BigDecimalUtilsTest" time="0.027"/>
  <testcase name="testFactorialZero" classname="edu.baker.finalproject.BigDecimalUtilsTest" time="0.001"/>
  <testcase name="testExpZero" classname="edu.baker.finalproject.BigDecimalUtilsTest" time="0.002"/>
  <testcase name="testCos" classname="edu.baker.finalproject.BigDecimalUtilsTest" time="0.002"/>
  <testcase name="testLog(BigDecimal, BigDecimal)[1]" classname="edu.baker.finalproject.BigDecimalUtilsTest" time="0.024"/>
  <testcase name="testLog(BigDecimal, BigDecimal)[2]" classname="edu.baker.finalproject.BigDecimalUtilsTest" time="0.002"/>
  <testcase name="testLog(BigDecimal, BigDecimal)[3]" classname="edu.baker.finalproject.BigDecimalUtilsTest" time="0.001"/>
  <testcase name="testLog(BigDecimal, BigDecimal)[4]" classname="edu.baker.finalproject.BigDecimalUtilsTest" time="0.001"/>
  <testcase name="testPow(BigDecimal, BigDecimal, double)[1]" classname="edu.baker.finalproject.BigDecimalUtilsTest" time="0.004"/>
  <testcase name="testPow(BigDecimal, BigDecimal, double)[2]" classname="edu.baker.finalproject.BigDecimalUtilsTest" time="0.001"/>
  <testcase name="testPow(BigDecimal, BigDecimal, double)[3]" classname="edu.baker.finalproject.BigDecimalUtilsTest" time="0.001"/>
  <testcase name="testPow(BigDecimal, BigDecimal, double)[4]" classname="edu.baker.finalproject.BigDecimalUtilsTest" time="0.004"/>
  <testcase name="testPow(BigDecimal, BigDecimal, double)[5]" classname="edu.baker.finalproject.BigDecimalUtilsTest" time="0.002"/>
  <testcase name="testPow(BigDecimal, BigDecimal, double)[6]" classname="edu.baker.finalproject.BigDecimalUtilsTest" time="0.003"/>
  <testcase name="testPow(BigDecimal, BigDecimal, double)[7]" classname="edu.baker.finalproject.BigDecimalUtilsTest" time="0.003"/>
  <testcase name="testPow(BigDecimal, BigDecimal, double)[8]" classname="edu.baker.finalproject.BigDecimalUtilsTest" time="0.002"/>
  <testcase name="testSin" classname="edu.baker.finalproject.BigDecimalUtilsTest" time="0.001"/>
  <testcase name="testTan" classname="edu.baker.finalproject.BigDecimalUtilsTest" time="0.001"/>
  <testcase name="testIpowLong(BigDecimal, long, double)[1]" classname="edu.baker.finalproject.BigDecimalUtilsTest" time="0.001"/>
  <testcase name="testIpowLong(BigDecimal, long, double)[2]" classname="edu.baker.finalproject.BigDecimalUtilsTest" time="0.001"/>
  <testcase name="testIpowLong(BigDecimal, long, double)[3]" classname="edu.baker.finalproject.BigDecimalUtilsTest" time="0.001"/>
  <testcase name="testIpowLong(BigDecimal, long, double)[4]" classname="edu.baker.finalproject.BigDecimalUtilsTest" time="0.001"/>
  <testcase name="testIpowLong(BigDecimal, long, double)[5]" classname="edu.baker.finalproject.BigDecimalUtilsTest" time="0.001"/>
  <testcase name="testIpowLong(BigDecimal, long, double)[6]" classname="edu.baker.finalproject.BigDecimalUtilsTest" time="0.002"/>
  <testcase name="testIpowLong(BigDecimal, long, double)[7]" classname="edu.baker.finalproject.BigDecimalUtilsTest" time="0.001"/>
  <testcase name="testIpowLong(BigDecimal, long, double)[8]" classname="edu.baker.finalproject.BigDecimalUtilsTest" time="0.001"/>
  <testcase name="testExpLargePositive" classname="edu.baker.finalproject.BigDecimalUtilsTest" time="0.006"/>
  <testcase name="testFactorialOne" classname="edu.baker.finalproject.BigDecimalUtilsTest" time="0.0"/>
  <testcase name="testExp10(BigDecimal, double)[1]" classname="edu.baker.finalproject.BigDecimalUtilsTest" time="0.001"/>
  <testcase name="testExp10(BigDecimal, double)[2]" classname="edu.baker.finalproject.BigDecimalUtilsTest" time="0.002"/>
  <testcase name="testExp10(BigDecimal, double)[3]" classname="edu.baker.finalproject.BigDecimalUtilsTest" time="0.001"/>
  <testcase name="testExp10(BigDecimal, double)[4]" classname="edu.baker.finalproject.BigDecimalUtilsTest" time="0.002"/>
  <testcase name="testFloor(String, String)[1]" classname="edu.baker.finalproject.BigDecimalUtilsTest" time="0.011"/>
  <testcase name="testFloor(String, String)[2]" classname="edu.baker.finalproject.BigDecimalUtilsTest" time="0.002"/>
  <testcase name="testFloor(String, String)[3]" classname="edu.baker.finalproject.BigDecimalUtilsTest" time="0.001"/>
  <testcase name="testFloor(String, String)[4]" classname="edu.baker.finalproject.BigDecimalUtilsTest" time="0.001"/>
  <testcase name="testLog10(BigDecimal, double)[1]" classname="edu.baker.finalproject.BigDecimalUtilsTest" time="0.001"/>
  <testcase name="testLog10(BigDecimal, double)[2]" classname="edu.baker.finalproject.BigDecimalUtilsTest" time="0.0"/>
  <testcase name="testLog10(BigDecimal, double)[3]" classname="edu.baker.finalproject.BigDecimalUtilsTest" time="0.001"/>
  <testcase name="testLog10(BigDecimal, double)[4]" classname="edu.baker.finalproject.BigDecimalUtilsTest" time="0.001"/>
  <testcase name="testRecip" classname="edu.baker.finalproject.BigDecimalUtilsTest" time="0.001"/>
  <testcase name="testRound(String, String)[1]" classname="edu.baker.finalproject.BigDecimalUtilsTest" time="0.013"/>
  <testcase name="testRound(String, String)[2]" classname="edu.baker.finalproject.BigDecimalUtilsTest" time="0.0"/>
  <testcase name="testRound(String, String)[3]" classname="edu.baker.finalproject.BigDecimalUtilsTest" time="0.001"/>
  <testcase name="testRound(String, String)[4]" classname="edu.baker.finalproject.BigDecimalUtilsTest" time="0.001"/>
  <testcase name="testTrunc(String, String)[1]" classname="edu.baker.finalproject.BigDecimalUtilsTest" time="0.001"/>
  <testcase name="testTrunc(String, String)[2]" classname="edu.baker.finalproject.BigDecimalUtilsTest" time="0.001"/>
  <testcase name="testTrunc(String, String)[3]" classname="edu.baker.finalproject.BigDecimalUtilsTest" time="0.001"/>
  <testcase name="testTrunc(String, String)[4]" classname="edu.baker.finalproject.BigDecimalUtilsTest" time="0.001"/>
  <testcase name="testIrootDecimal(BigDecimal, BigDecimal, double)[1]" classname="edu.baker.finalproject.BigDecimalUtilsTest" time="0.002"/>
  <testcase name="testIrootDecimal(BigDecimal, BigDecimal, double)[2]" classname="edu.baker.finalproject.BigDecimalUtilsTest" time="0.001"/>
  <testcase name="testIrootDecimal(BigDecimal, BigDecimal, double)[3]" classname="edu.baker.finalproject.BigDecimalUtilsTest" time="0.002"/>
  <testcase name="testIrootDecimal(BigDecimal, BigDecimal, double)[4]" classname="edu.baker.finalproject.BigDecimalUtilsTest" time="0.001"/>
  <testcase name="testIrootDecimal(BigDecimal, BigDecimal, double)[5]" classname="edu.baker.finalproject.BigDecimalUtilsTest" time="0.001"/>
  <testcase name="testIrootDecimal(BigDecimal, BigDecimal, double)[6]" classname="edu.baker.finalproject.BigDecimalUtilsTest" time="0.001"/>
  <testcase name="testIrootDecimal(BigDecimal, BigDecimal, double)[7]" classname="edu.baker.finalproject.BigDecimalUtilsTest" time="0.0"/>
  <testcase name="testIrootDecimal(BigDecimal, BigDecimal, double)[8]" classname="edu.baker.finalproject.BigDecimalUtilsTest" time="0.002"/>
  <testcase name="testIrootDecimal(BigDecimal, BigDecimal, double)[9]" classname="edu.baker.finalproject.BigDecimalUtilsTest" time="0.001"/>
  <testcase name="testIrootDecimal(BigDecimal, BigDecimal, double)[10]" classname="edu.baker.finalproject.BigDecimalUtilsTest" time="0.002"/>
  <testcase name="testExpLargeNegative" classname="edu.baker.finalproject.BigDecimalUtilsTest" time="0.002"/>
  <testcase name="testFactorialNonInteger" classname="edu.baker.finalproject.BigDecimalUtilsTest" time="0.003"/>
  <testcase name="testAcos(BigDecimal, double)[1]" classname="edu.baker.finalproject.BigDecimalUtilsTest" time="0.005"/>
  <testcase name="testAcos(BigDecimal, double)[2]" classname="edu.baker.finalproject.BigDecimalUtilsTest" time="0.003"/>
  <testcase name="testAcos(BigDecimal, double)[3]" classname="edu.baker.finalproject.BigDecimalUtilsTest" time="0.004"/>
  <testcase name="testAsin" classname="edu.baker.finalproject.BigDecimalUtilsTest" time="0.001"/>
  <testcase name="testAtan" classname="edu.baker.finalproject.BigDecimalUtilsTest" time="0.001"/>
  <testcase name="testCeil(String, String)[1]" classname="edu.baker.finalproject.BigDecimalUtilsTest" time="0.001"/>
  <testcase name="testCeil(String, String)[2]" classname="edu.baker.finalproject.BigDecimalUtilsTest" time="0.001"/>
  <testcase name="testCeil(String, String)[3]" classname="edu.baker.finalproject.BigDecimalUtilsTest" time="0.001"/>
  <testcase name="testCeil(String, String)[4]" classname="edu.baker.finalproject.BigDecimalUtilsTest" time="0.001"/>
  <testcase name="testPi" classname="edu.baker.finalproject.BigDecimalUtilsTest" time="0.003"/>
  <testcase name="testAtan2PositiveY" classname="edu.baker.finalproject.BigDecimalUtilsTest" time="0.001"/>
  <testcase name="testIrootLong(BigDecimal, long, double)[1]" classname="edu.baker.finalproject.BigDecimalUtilsTest" time="0.001"/>
  <testcase name="testIrootLong(BigDecimal, long, double)[2]" classname="edu.baker.finalproject.BigDecimalUtilsTest" time="0.002"/>
  <testcase name="testIrootLong(BigDecimal, long, double)[3]" classname="edu.baker.finalproject.BigDecimalUtilsTest" time="0.001"/>
  <testcase name="testIrootLong(BigDecimal, long, double)[4]" classname="edu.baker.finalproject.BigDecimalUtilsTest" time="0.001"/>
  <testcase name="testIrootLong(BigDecimal, long, double)[5]" classname="edu.baker.finalproject.BigDecimalUtilsTest" time="0.001"/>
  <testcase name="testIrootLong(BigDecimal, long, double)[6]" classname="edu.baker.finalproject.BigDecimalUtilsTest" time="0.001"/>
  <testcase name="testIrootLong(BigDecimal, long, double)[7]" classname="edu.baker.finalproject.BigDecimalUtilsTest" time="0.0"/>
  <testcase name="testIrootLong(BigDecimal, long, double)[8]" classname="edu.baker.finalproject.BigDecimalUtilsTest" time="0.001"/>
  <testcase name="testIrootLong(BigDecimal, long, double)[9]" classname="edu.baker.finalproject.BigDecimalUtilsTest" time="0.001"/>
  <testcase name="testIrootLong(BigDecimal, long, double)[10]" classname="edu.baker.finalproject.BigDecimalUtilsTest" time="0.001"/>
  <testcase name="testAtan2NegativeCoordinates" classname="edu.baker.finalproject.BigDecimalUtilsTest" time="0.001"/>
  <testcase name="testAtan2NegativeY" classname="edu.baker.finalproject.BigDecimalUtilsTest" time="0.001"/>
  <testcase name="testExpPrecision" classname="edu.baker.finalproject.BigDecimalUtilsTest" time="0.001"/>
  <testcase name="testAtan2PositiveCoordinates" classname="edu.baker.finalproject.BigDecimalUtilsTest" time="0.001"/>
  <testcase name="testIpowDecimal(BigDecimal, BigDecimal, double)[1]" classname="edu.baker.finalproject.BigDecimalUtilsTest" time="0.001"/>
  <testcase name="testIpowDecimal(BigDecimal, BigDecimal, double)[2]" classname="edu.baker.finalproject.BigDecimalUtilsTest" time="0.0"/>
  <testcase name="testIpowDecimal(BigDecimal, BigDecimal, double)[3]" classname="edu.baker.finalproject.BigDecimalUtilsTest" time="0.0"/>
  <testcase name="testIpowDecimal(BigDecimal, BigDecimal, double)[4]" classname="edu.baker.finalproject.BigDecimalUtilsTest" time="0.0"/>
  <testcase name="testIpowDecimal(BigDecimal, BigDecimal, double)[5]" classname="edu.baker.finalproject.BigDecimalUtilsTest" time="0.0"/>
  <testcase name="testIpowDecimal(BigDecimal, BigDecimal, double)[6]" classname="edu.baker.finalproject.BigDecimalUtilsTest" time="0.001"/>
  <testcase name="testIpowDecimal(BigDecimal, BigDecimal, double)[7]" classname="edu.baker.finalproject.BigDecimalUtilsTest" time="0.001"/>
  <testcase name="testIpowDecimal(BigDecimal, BigDecimal, double)[8]" classname="edu.baker.finalproject.BigDecimalUtilsTest" time="0.0"/>
  <testcase name="testIpowDecimal(BigDecimal, BigDecimal, double)[9]" classname="edu.baker.finalproject.BigDecimalUtilsTest" time="0.0"/>
  <testcase name="testIpowDecimal(BigDecimal, BigDecimal, double)[10]" classname="edu.baker.finalproject.BigDecimalUtilsTest" time="0.0"/>
  <testcase name="testAtan2Zero" classname="edu.baker.finalproject.BigDecimalUtilsTest" time="0.001"/>
  <testcase name="testExpVariousInputs(String, String)[1]" classname="edu.baker.finalproject.BigDecimalUtilsTest" time="0.002"/>
  <testcase name="testExpVariousInputs(String, String)[2]" classname="edu.baker.finalproject.BigDecimalUtilsTest" time="0.001"/>
  <testcase name="testExpVariousInputs(String, String)[3]" classname="edu.baker.finalproject.BigDecimalUtilsTest" time="0.001"/>
  <testcase name="testExpVariousInputs(String, String)[4]" classname="edu.baker.finalproject.BigDecimalUtilsTest" time="0.001"/>
  <testcase name="testExpVariousInputs(String, String)[5]" classname="edu.baker.finalproject.BigDecimalUtilsTest" time="0.001"/>
  <testcase name="testExpOne" classname="edu.baker.finalproject.BigDecimalUtilsTest" time="0.001"/>
  <testcase name="testEPrecision" classname="edu.baker.finalproject.BigDecimalUtilsTest" time="0.0"/>
  <testcase name="testEHigherPrecision" classname="edu.baker.finalproject.BigDecimalUtilsTest" time="0.0"/>
  <testcase name="testFactorialNegative" classname="edu.baker.finalproject.BigDecimalUtilsTest" time="0.0"/>
</testsuite>